o.....................o.o....o.o......o.o.......o.........o..oo.o.o.oo........o...oo.o......o..o.oo.
oo.o.o....o...ooo....o..xxxxxx.o...o.o.........o.oo...o.........oo..oo.o..o........oo........o.o....
...o.o......ooo.oo...o..xxxxxx..o....o..o.........o..o...o...ooo...oo..........o...o....o....oo..oo.
....oo.....o..o...oo....xxxxxx..ooo....o........o...o..ooo...o..o...o......o..o.....ooo...o.......oo
o.......o....o...o.oo...xxxxxx.o.o....oooo....o...oo.oo..o.ooo...o...............o.........oo.......
oo..o.oo........o......oxxxxxx.oo.o.o....o............o.ooooo...o.......o..............o..o......o..
....oo..o.o..o..oo.o.o..xxxxxx.oo..oo...oo..o.....o..oooo..o..o.o......oo..o..o...o...o.............
oo........o......o..oo.....oo........o...o..o.....o...o..............oo...oo.........o.....o..o.....
.o.o........o..o.o.o.o.oo....o.ooo.....o..o...o.o.......o...o.......o......o...o...oooo..o...o......
.oo...o.....oo.......o.oo.oo....o..o......oo.o..o..o..o.............o......o...ooo....oo..........o.
......ooo..o.....o......oo.......o....o.....o.oo.o.....ooo.......oo.....o...o...oo.ooo.o..o..o..o.o.
..o.o.ooo....o......o.oo..oo....o...o.oo...o................oo......o.....o..ooooo.oo.o...o.....oo..
..o.oo....ooo.....o....oo.oo......o..oo.o...o...........o..o.......o.oo..o.......o.....o.o.o.oooo.o.
.o.o.oo.........o.....oooo.....o...ooo...o..o.......o...oo.............o.....oo.o..o.o...ooooo....o.
.....o..........o...o..oo........o....oo.......o..o.o.ooo.o..o.....oo........o..o.......oo.oo.....o.
o..oo....o.........o..o............o.......o....o....o.o....o..oo.o.oo...o..o.o..ooo.o.....oo.....oo
o...o.oo.o..o.....o.o..o.........o............oo.......o.............o....ooo........o.............o
oo..oo...........o.........o.o....o..o......ooo....o..o..o..ooo..o......o...o.....o.ooo..o....o.oo..
o........oo..o.o.o....oo.o..o...o.......o...o.o.oo.o.o.o.o..o..o.......o....o.o...o..oo.ooo....oo...
oo.......oo...o..o.o.o........o.............o..o.........o.......oooo.o.......oo..oo........o..o....
..oo.o...oo...oo..o.oo..o.......o.oo...........oo...o....oo..o.....o.oo.........o.....o.o.....ooo.oo
.....oo.o......oo.o...o...oo........oooo..............oo...oo.o....o.........oo.....o.o....o..o...oo
oo.......o..o.oo..........oo...o.o...o..o..o......o..o...oo.o..o......o...o.o.o...o.oo.o....o...o..o
.o...o.oo............o.o....o..oo..o.o..oo..............ooo...o.....oo.o.o....o...o....o.o..o....o..
....o....ooo.....o...o...o.....o..o....o............o..oooo..o.........oo...........oo........o.....
...o..ooo....o..o..o...o...o....oooo....o.oooooo....o.o..o.oo.....o.....o.oo....ooo......oo.oo....o.
.o...o......o........o.o...o...oo.....o.o..ooo.o..o........o..oo.o...o.....oo........o.....oo.o..o..
............o............o.o...o.o....o..o.o..oo......o.o.oo.o.o.....o.o.o.o....oo..o...o.o...oooo..
.......o...o.oo..o....o...o......o...o.................o...oooooo..........oo....o..o..oo..o.....o..
...o...oo..oo...o.......o....o..oo.oooo......o.....o.......oo.oo.......o.oo.o......o.o.....o........
o.o.oo......o.ooo..o.o.o...........o....o.o...oo.o..oo..oo..o..o.....o.....oo........o....oo........
.o...........ooo..oo..oo..o..o....o.......oo...o...oo...........o...o.o....o.o...o..o.......o.....o.
.........o..o..o...oo..o..o...oo.o.o...oo..oo.....o...o.............oooo.o..o..........o.oo........o
o...o.ooo.....o.......o..........oo.oo.o....o.......o..o.o.oo....o.o..o.oo.....o.....oo.o.oo.......o
.......ooo......oo..oo.o...o.o...o...o...........o.o.o.......o......oo.oo....o.oo......o..oo..o.....
..o.o.o....o.....o..o.....ooo..............o..........o.o.........o.......o.............o..........o
...oo....o.oo.....o....oo.o...oo................o....oo......o...o.....o.o..o.......o.o.....o.......
.o...oo.o....o..oo....oo.o.o........o.......oo......o.oooo.....o.....oo......o...o.o...ooo....oo....
..ooo...o.o.o......oo..o.oo......o.oo...o....oo...........o..o..o.o...o...ooo........o.oo..........o
...oo..o.....o.....o..o.o......o....o....o...............o..o.....o..............oo...............o.
o.....oo....oo...o...o.........o.o....oo.oo..o....o..o..o..o.......oo..oo....o.o.....o...o.......o..
...o........o.....o..o.o.o.....o.....o.oo....o......o...oo...oo.oo...o..........oo..o.......oooooo..
..o........oo.......o......oo.....o.o......o.o......oo...oo...o......o..o.o.o........o.o..........oo
.o..oooo.o.....o...o.o....o...o.....o..ooooo....o....oo.............o..o.........o..o........o..o.oo
o.o..oo...o..o....ooo..o.....o..o..o..........oo.....o.....o.....o...o........o.........o...oo.oo...
o.....o.......o...o.o.oo.o.o........o......o....o.oo...oo.o.o..o............oo.o..o.o..oo....o..ooo.
.....o....o.o....o.o..o....oo.......o......o.....o...................oo.o.o........o.....o.o....o.oo
...o.......o.o.....o......o.........o.....o...o.......o.........o.........o......o..oo..........o...
o..o..o.......o...o.o..o.....o....o.....o...o......oo.....o.o....o.o.o.........ooo..o.o.....o...o.o.
.oo...o......oo.o.o.oo.........o..o..o.....o......o..o.o.o........o............oo......o..ooo..o....
.....oo........ooo.....o........oo....o......o.o...oo........oo.oo...o.........o.....o...........o..
o....oo...........o.o.o..........o......o..oo...........o.....o....o...o......o.........o.o...oo....
....o..o.o..oo.o...oo...........o.o.o...oo..o.o..o....o..o.......o...o.o.....o.oo...................
.....o......o...ooo..o.............o...o.....o......ooo.....o..o...o...............o.ooo.o.....o..o.
o.oo...o...o.....o........oo.o......o.......o.....o........o...o.o..........o......oo........o......
....o........o.o.....o.....o.o............o..o...o.............o....o......o..........o..o..........
..oo..oo.....oo..o..ooo.o.o..o..........o....o....o....oo.........o..o....o...o..o..o..o........o...
o............o.....oo....oo..o.oo.....o...o...o.oo....o...............o..o.............o.oo...o..o.o
...o.o.o.....o.......o...o.o...o.o.oo................o...o..oo.o......o.......o......o....oo.o..o...
.o...o...........o.o..o..o.o......o............o....o.o.ooo..oo.....ooo..o.ooo.o..o.o.....o...o.o..o
..o..oo.....o.....o.......ooo....o..oo.....o........o.o..o..o..o.o......ooo....o....o.............o.
..o......o..o....oo.....oo..o..oo..o...ooooo.o....o.o......o..oo...o.ooo.........o.......o...o..o...
..o..o.oo.o....oo.o....o.o.....o...o.......o........................ooo.o...ooooo.............oo..o.
.....o.oo..o.oo......oo.oo......o..o....oo..o.oo.........o.o.......o.o..o.....oo....o...o..o.o.o....
.oooo...o......o....ooo..o..o........o...o....ooo.......o.......o...oo.o.......oo...o....o....o....o
........o.o............o.....o.o...oo.o.o...o.o.o..........oo....oo.o....o...oo.......o........oo...
o..o..o.....o.....oo.o....o...oo...o...............o.o..o..o..o....o.........o.o....o..o..........o.
.o..................o....o.....o..o..oo......o....o...o.o.....o..o......oo....o.o.o....oo...oo......
.............o................o...o..oooo.o.o.oo.o..........o.o.o..o.......o..o.o...oo...o..o.o...o.
.o...o......o...o............o.....o.o......o..ooo.o.....oo...ooo..o..ooo......o........o......o...o
.o...o................................oo.............o...oo............o..o...o..o....oo......o...o.
.......o..o...o......o...o.....o.....o.....oo...oo.o.........o.o.o.o...o...o.....o...o..............
..........o..oo....o..ooo.....o..o.....o.ooo........o.....oo..o...o.o.o.oo...o....oo.o..o.o.......o.
o.o..............o....o......oo.o..ooo.o.........ooo.o.o..................o...ooo..o.oo..o..oo.o....
o...o.o.o..o.oo.o.o...o....o.......o....o....o..o.....o.................o.o...o.......o..o.o.....o..
...o...........o........oo.o.....o...o.o....o...o..o.o......o..o..........o.o..o.....o....o....o...o
.o.o.oo.........o...........o.o.oo.........ooo..o.o...oo.o....ooo..o..o..............o.....o........
...o......o.ooo..oo.o...o.o...o...........o....................o.ooo....oo..o...o....o........ooo...
.o..o...o...o..o...o..o......................o.......o..o.....o.......oo...o.o.............o.o...o..
.....oo.o.o.o...o.o.ooo....oo.o..oo.o..o..o..o.ooo.o.o....oo.....o.......oo....oo.......oo.o...o....
.......o..o.........o.o..........o.o....ooo....o.o.o............................o...oo..o....o.oo...
........o.o...o...........o.o....................o...............o.o....o..o..ooo..o.......o........
.....o...o........oo...o..o....o.oooo.o....o.o.....o....o....o......o.....o.oo.o...o.....o..o.......
...o....o...ooooo..oo...oo.o..........o.o.o.o......oo.oo...ooo......o........oo.......oo.o.........o
o.oo............o.o........o....o......oo....oo........o....o.oo.............ooo.....oo..o..o.o...o.
o..o............oo.o.o......o....o............o.o.o........o...o......o....oo.................ooo...
..o..oo.....o......ooo.o...o..........oo....o.o.oo............o...o.o...............o...o.o.....o...
.....oo.........o..oooo..o..o..o...o..oo........oo.o...o......o......o........o..o.ooo..o...........
o.o....o......o....o..o.o...o......oo.....oo....o............oo.o.....o....o.......oo.....o.o....o..
.....o..o.......o.ooo....o.o........oo.o...............o...o.oo.....oo...............o....o...o.o.o.
o.o...o....o..o.o.......o.......o..o.ooo.....o.o.o.......o.o....o.o...oo..........oo.o......ooo..o..
.......o..o..o....oo..........o..o...............o.o.....ooo..o.o..o.oooo..o...o..oo..oo....o...o.o.
..o....o..o......o.oo....o..o.o..o........o.....o.o.......oo.o...o.oo.....oo....o.....oo.o....o.....
.o..........o..o.........oo..o..oo.o.........o.o.........o.....o..oo.oo........o..oooo..o...o.o..oo.
.o...o...o.......o.o........o...o......o.o.....o..o..oo......o.oo.o.oooo..o.......o...............o.
...o...o.o.o......oo.o...o...oo....o..o..o.....o.....o..oo...o.........o..........o.o.oo.oo...o....o
.....o.................o..ooo....o..o.o..o.ooo....o....o........o.o..o...o........o..o.oo.........o.
..o....o.......o.o..o......o.....o......o.ooo.o.........ooo...o.ooo...oo...o..ooo...o..o.....o...o..
o..o...o..o..o.o..o.o........o...o...o.o......oooo..o.ooo..o......o.o.o......o........o...ooo.o.oo..
o.o............o......o..o..o..o....o...oo..o.o..oo.......o.........o..o.......o..o......o..o..o....
